<?xml version="1.0" encoding="UTF-8" ?>
<testsuite tests="1" failures="0" name="com.git.GDSBuilderBatch.AppTest" time="0.002" errors="0" skipped="0">
  <properties>
    <property name="java.runtime.name" value="OpenJDK Runtime Environment"/>
    <property name="sun.boot.library.path" value="C:\java\RedHat\java-1.8.0-openjdk-1.8.0.151-1\jre\bin"/>
    <property name="java.vm.version" value="25.151-b12"/>
    <property name="java.vm.vendor" value="Oracle Corporation"/>
    <property name="maven.multiModuleProjectDirectory" value="D:\github_workspace\ValidatorBatch-v0.1\OpenGDSValidatorBatch"/>
    <property name="java.vendor.url" value="http://java.oracle.com/"/>
    <property name="path.separator" value=";"/>
    <property name="guice.disable.misplaced.annotation.check" value="true"/>
    <property name="java.vm.name" value="OpenJDK 64-Bit Server VM"/>
    <property name="file.encoding.pkg" value="sun.io"/>
    <property name="user.script" value=""/>
    <property name="user.country" value="KR"/>
    <property name="sun.java.launcher" value="SUN_STANDARD"/>
    <property name="sun.os.patch.level" value="Service Pack 1"/>
    <property name="java.vm.specification.name" value="Java Virtual Machine Specification"/>
    <property name="user.dir" value="D:\github_workspace\ValidatorBatch-v0.1\OpenGDSValidatorBatch"/>
    <property name="java.runtime.version" value="1.8.0_151-1-redhat-b12"/>
    <property name="java.awt.graphicsenv" value="sun.awt.Win32GraphicsEnvironment"/>
    <property name="java.endorsed.dirs" value="C:\java\RedHat\java-1.8.0-openjdk-1.8.0.151-1\jre\lib\endorsed"/>
    <property name="os.arch" value="amd64"/>
    <property name="java.io.tmpdir" value="C:\Users\GIT\AppData\Local\Temp\"/>
    <property name="line.separator" value="
"/>
    <property name="java.vm.specification.vendor" value="Oracle Corporation"/>
    <property name="user.variant" value=""/>
    <property name="os.name" value="Windows 7"/>
    <property name="classworlds.conf" value="D:\eclipse_neon_64_workspace\.metadata\.plugins\org.eclipse.m2e.launching\launches\m2conf9186599464650813737.tmp"/>
    <property name="sun.jnu.encoding" value="MS949"/>
    <property name="java.library.path" value="C:\java\RedHat\java-1.8.0-openjdk-1.8.0.151-1\bin;C:\Windows\Sun\Java\bin;C:\Windows\system32;C:\Windows;C:/java/RedHat/java-1.8.0-openjdk-1.8.0.151-1/bin/../jre/bin/server;C:/java/RedHat/java-1.8.0-openjdk-1.8.0.151-1/bin/../jre/bin;C:/java/RedHat/java-1.8.0-openjdk-1.8.0.151-1/bin/../jre/lib/amd64;D:\Apache24\bin;D:\zookeeper-3.4.11\bin;D:\apache-tomcat-8.0.43_64\bin;D:\Git\bin;D:\apache-maven-3.5.2\bin;D:\Program Files (x86)\GeoGig\bin;D:\geogig\bin;C:\Program Files\Black Duck Software\protexIP\bin;C:\java\RedHat\java-1.8.0-openjdk-1.8.0.151-1\bin;C:\Program Files (x86)\GDAL;C:\Program Files (x86)\PostgreSQL\9.4\gdal-data;C:\Program Files (x86)\Intel\iCLS Client\;C:\Program Files\Intel\iCLS Client\;C:\Windows\system32;C:\Windows;C:\Windows\System32\Wbem;C:\Windows\System32\WindowsPowerShell\v1.0\;C:\Program Files\Intel\Intel(R) Management Engine Components\DAL;C:\Program Files (x86)\Intel\Intel(R) Management Engine Components\DAL;C:\Program Files\Intel\Intel(R) Management Engine Components\IPT;C:\Program Files (x86)\Intel\Intel(R) Management Engine Components\IPT;C:\Program Files (x86)\NVIDIA Corporation\PhysX\Common;C:\Program Files\TortoiseSVN\bin;C:\Program Files\GeoDT Pro\Bin32\;C:\Program Files\GeoDT Pro\Bin64\;C:\Program Files\Emscripten\emscripten\1.35.0;C:\Program Files\Emscripten;C:\Program Files\Emscripten\clang\e1.35.0_64bit;C:\Program Files\Emscripten\node\0.12.2_64bit;C:\Program Files\Emscripten\python\2.7.5.3_64bit;C:\Program Files\Emscripten\java\7.45_64bit\bin;C:\Program Files\Emscripten\crunch\1.03;C:\Program Files\Emscripten\mingw\4.6.2_32bit;C:\Program Files\nodejs\;C:\Program Files (x86)\Kaspersky Lab\Kaspersky Endpoint Security 10 for Windows SP1\;C:\Program Files (x86)\Microsoft Visual Studio\Common\Tools\WinNT;C:\Program Files (x86)\Microsoft Visual Studio\Common\MSDev98\Bin;C:\Program Files (x86)\Microsoft Visual Studio\Common\Tools;C:\Program Files (x86)\Microsoft Visual Studio\VC98\bin;?;C:\Users\GIT\AppData\Roaming\npm;C:\Users\GIT\AppData\Local\atom\bin;D:\eclipse_neon_64;;."/>
    <property name="java.specification.name" value="Java Platform API Specification"/>
    <property name="java.class.version" value="52.0"/>
    <property name="sun.management.compiler" value="HotSpot 64-Bit Tiered Compilers"/>
    <property name="os.version" value="6.1"/>
    <property name="user.home" value="C:\Users\GIT"/>
    <property name="user.timezone" value="Asia/Seoul"/>
    <property name="java.awt.printerjob" value="sun.awt.windows.WPrinterJob"/>
    <property name="java.specification.version" value="1.8"/>
    <property name="file.encoding" value="UTF-8"/>
    <property name="user.name" value="GIT"/>
    <property name="java.class.path" value="D:\apache-maven-3.5.2\boot\plexus-classworlds-2.5.2.jar"/>
    <property name="java.vm.specification.version" value="1.8"/>
    <property name="sun.arch.data.model" value="64"/>
    <property name="java.home" value="C:\java\RedHat\java-1.8.0-openjdk-1.8.0.151-1\jre"/>
    <property name="sun.java.command" value="org.codehaus.plexus.classworlds.launcher.Launcher -B -s D:\eclipse_mvn_repo\settings.xml package"/>
    <property name="java.specification.vendor" value="Oracle Corporation"/>
    <property name="user.language" value="ko"/>
    <property name="awt.toolkit" value="sun.awt.windows.WToolkit"/>
    <property name="java.vm.info" value="mixed mode"/>
    <property name="java.version" value="1.8.0_151-1-redhat"/>
    <property name="java.ext.dirs" value="C:\java\RedHat\java-1.8.0-openjdk-1.8.0.151-1\jre\lib\ext;C:\Windows\Sun\Java\lib\ext"/>
    <property name="sun.boot.class.path" value="C:\java\RedHat\java-1.8.0-openjdk-1.8.0.151-1\jre\lib\resources.jar;C:\java\RedHat\java-1.8.0-openjdk-1.8.0.151-1\jre\lib\rt.jar;C:\java\RedHat\java-1.8.0-openjdk-1.8.0.151-1\jre\lib\sunrsasign.jar;C:\java\RedHat\java-1.8.0-openjdk-1.8.0.151-1\jre\lib\jsse.jar;C:\java\RedHat\java-1.8.0-openjdk-1.8.0.151-1\jre\lib\jce.jar;C:\java\RedHat\java-1.8.0-openjdk-1.8.0.151-1\jre\lib\charsets.jar;C:\java\RedHat\java-1.8.0-openjdk-1.8.0.151-1\jre\lib\jfr.jar;C:\java\RedHat\java-1.8.0-openjdk-1.8.0.151-1\jre\classes"/>
    <property name="java.vendor" value="Oracle Corporation"/>
    <property name="maven.home" value="D:\apache-maven-3.5.2"/>
    <property name="file.separator" value="\"/>
    <property name="java.vendor.url.bug" value="http://bugreport.sun.com/bugreport/"/>
    <property name="sun.cpu.endian" value="little"/>
    <property name="sun.io.unicode.encoding" value="UnicodeLittle"/>
    <property name="sun.desktop" value="windows"/>
    <property name="sun.cpu.isalist" value="amd64"/>
  </properties>
  <testcase classname="com.git.GDSBuilderBatch.AppTest" name="testApp" time="0.002"/>
</testsuite>